<?xml version="1.0" encoding="UTF-8"?>
<testng-results skipped="0" failed="1" total="2" passed="1">
  <reporter-output>
  </reporter-output>
  <suite name="Default suite" duration-ms="27708" started-at="2017-05-02T11:56:22Z" finished-at="2017-05-02T11:56:50Z">
    <groups>
    </groups>
    <test name="Default test" duration-ms="27708" started-at="2017-05-02T11:56:22Z" finished-at="2017-05-02T11:56:50Z">
      <class name="unittesting.calculator.CalculatorTestAddSub">
        <test-method status="PASS" signature="setUp()[pri:0, instance:unittesting.calculator.CalculatorTestAddSub@6ce139a4]" name="setUp" is-config="true" duration-ms="14153" started-at="2017-05-02T13:56:22Z" finished-at="2017-05-02T13:56:36Z">
          <reporter-output>
          </reporter-output>
        </test-method> <!-- setUp -->
        <test-method status="PASS" signature="addTest()[pri:0, instance:unittesting.calculator.CalculatorTestAddSub@6ce139a4]" name="addTest" duration-ms="4842" started-at="2017-05-02T13:56:36Z" finished-at="2017-05-02T13:56:41Z">
          <reporter-output>
          </reporter-output>
        </test-method> <!-- addTest -->
        <test-method status="PASS" signature="setUp()[pri:0, instance:unittesting.calculator.CalculatorTestAddSub@6ce139a4]" name="setUp" is-config="true" duration-ms="4169" started-at="2017-05-02T13:56:41Z" finished-at="2017-05-02T13:56:45Z">
          <reporter-output>
          </reporter-output>
        </test-method> <!-- setUp -->
        <test-method status="FAIL" signature="substractTest()[pri:0, instance:unittesting.calculator.CalculatorTestAddSub@6ce139a4]" name="substractTest" duration-ms="4236" started-at="2017-05-02T13:56:45Z" finished-at="2017-05-02T13:56:50Z">
          <exception class="java.lang.AssertionError">
            <message>
              <![CDATA[expected [-10] but found [-2]]]>
            </message>
            <full-stacktrace>
              <![CDATA[java.lang.AssertionError: expected [-10] but found [-2]
	at org.testng.Assert.fail(Assert.java:94)
	at org.testng.Assert.failNotEquals(Assert.java:513)
	at org.testng.Assert.assertEqualsImpl(Assert.java:135)
	at org.testng.Assert.assertEquals(Assert.java:116)
	at org.testng.Assert.assertEquals(Assert.java:389)
	at org.testng.Assert.assertEquals(Assert.java:399)
	at unittesting.calculator.CalculatorTestAddSub.substractTest(CalculatorTestAddSub.java:29)
	at sun.reflect.NativeMethodAccessorImpl.invoke0(Native Method)
	at sun.reflect.NativeMethodAccessorImpl.invoke(NativeMethodAccessorImpl.java:62)
	at sun.reflect.DelegatingMethodAccessorImpl.invoke(DelegatingMethodAccessorImpl.java:43)
	at java.lang.reflect.Method.invoke(Method.java:498)
	at org.testng.internal.MethodInvocationHelper.invokeMethod(MethodInvocationHelper.java:86)
	at org.testng.internal.Invoker.invokeMethod(Invoker.java:643)
	at org.testng.internal.Invoker.invokeTestMethod(Invoker.java:820)
	at org.testng.internal.Invoker.invokeTestMethods(Invoker.java:1128)
	at org.testng.internal.TestMethodWorker.invokeTestMethods(TestMethodWorker.java:129)
	at org.testng.internal.TestMethodWorker.run(TestMethodWorker.java:112)
	at org.testng.TestRunner.privateRun(TestRunner.java:782)
	at org.testng.TestRunner.run(TestRunner.java:632)
	at org.testng.SuiteRunner.runTest(SuiteRunner.java:366)
	at org.testng.SuiteRunner.runSequentially(SuiteRunner.java:361)
	at org.testng.SuiteRunner.privateRun(SuiteRunner.java:319)
	at org.testng.SuiteRunner.run(SuiteRunner.java:268)
	at org.testng.SuiteRunnerWorker.runSuite(SuiteRunnerWorker.java:52)
	at org.testng.SuiteRunnerWorker.run(SuiteRunnerWorker.java:86)
	at org.testng.TestNG.runSuitesSequentially(TestNG.java:1244)
	at org.testng.TestNG.runSuitesLocally(TestNG.java:1169)
	at org.testng.TestNG.run(TestNG.java:1064)
	at org.testng.remote.AbstractRemoteTestNG.run(AbstractRemoteTestNG.java:132)
	at org.testng.remote.RemoteTestNG.initAndRun(RemoteTestNG.java:230)
	at org.testng.remote.RemoteTestNG.main(RemoteTestNG.java:76)
]]>
            </full-stacktrace>
          </exception> <!-- java.lang.AssertionError -->
          <reporter-output>
          </reporter-output>
        </test-method> <!-- substractTest -->
      </class> <!-- unittesting.calculator.CalculatorTestAddSub -->
    </test> <!-- Default test -->
  </suite> <!-- Default suite -->
</testng-results>
